<?xml version="1.0" encoding="UTF-8"?>
<!-- Generated by org.testng.reporters.JUnitReportReporter -->
<testsuite hostname="DESKTOP-75OVIRR" failures="0" tests="1" name="appiumFramework.SendFeeedbackTestCase" time="34.849" errors="0" timestamp="2022-08-21T18:31:31 IRDT" skipped="0">
  <testcase classname="appiumFramework.SendFeeedbackTestCase" name="seendFeedback" time="34.849"/>
  <system-out/>
</testsuite> <!-- appiumFramework.SendFeeedbackTestCase -->
