<?xml version="1.0" encoding="UTF-8"?>
<!-- Generated by org.testng.reporters.JUnitReportReporter -->
<testsuite hostname="DESKTOP-75OVIRR" failures="0" tests="1" name="appiumFramework.SearchTestCase" time="22.211" errors="0" timestamp="2022-08-21T18:31:31 IRDT" skipped="0">
  <testcase classname="appiumFramework.SearchTestCase" name="searchValidRestaurant" time="22.211"/>
  <system-out/>
</testsuite> <!-- appiumFramework.SearchTestCase -->
